<?xml version="1.0" encoding="UTF-8"?>
<!-- Generated by org.testng.reporters.JUnitReportReporter -->
<testsuite hostname="DESKTOP-A9NGOL3" failures="0" tests="1" name="tests.LoginTest" time="18.886" errors="0" timestamp="2023-07-13T13:54:33 IST" skipped="0">
  <testcase classname="tests.LoginTest" name="login" time="18.886"/>
  <system-out/>
</testsuite> <!-- tests.LoginTest -->
